<?xml version="1.0" encoding="UTF-8"?>
<!-- Generated by org.testng.reporters.JUnitReportReporter -->
<testsuite hostname="DESKTOP-LDTU739" failures="0" tests="1" name="org.testing.TestScripts.TC1_PostRequest1" time="7.878" errors="0" timestamp="2023-04-13T09:28:12 IST" skipped="0">
  <testcase classname="org.testing.TestScripts.TC1_PostRequest1" name="testcase1" time="7.878"/>
  <system-out/>
</testsuite> <!-- org.testing.TestScripts.TC1_PostRequest1 -->
