<?xml version="1.0" encoding="UTF-8"?>
<!-- Generated by org.testng.reporters.JUnitReportReporter -->
<testsuite hostname="DESKTOP-LDTU739" failures="0" tests="1" name="org.testing.TestScripts.TC4_PutRequest" time="2.103" errors="0" timestamp="2023-04-20T14:23:53 IST" skipped="0">
  <testcase classname="org.testing.TestScripts.TC4_PutRequest" name="testcase4" time="2.103"/>
  <system-out/>
</testsuite> <!-- org.testing.TestScripts.TC4_PutRequest -->
